1504255492822	geckodriver	INFO	Listening on 127.0.0.1:42153
1504255493288	geckodriver::marionette	INFO	Starting browser C:\Program Files (x86)\Mozilla Firefox\firefox.exe with args ["-marionette"]
1504255497895	Marionette	INFO	Listening on port 42157
1504255498216	Marionette	WARN	TLS certificate errors will be ignored for this session
JavaScript error: https://s1.tdp.ru/desktop/build/9ee61659b7e1544e2990.bundle.common.js, line 1: Error: @ADV -- RoutingEntry -- Can not get type of current page
JavaScript error: https://s1.tdp.ru/desktop/build/9ee61659b7e1544e2990.bundle.common.js, line 1: Error: @ADV -- RoutingEntry -- Can not get type of current page
JavaScript error: https://s1.tdp.ru/desktop/build/30767777ac73b573efc1.bundle.cart.js, line 1: TypeError: ymaps.geocode is not a function
1504255595234	Marionette	INFO	New connections will no longer be accepted
1504255636574	geckodriver	INFO	Listening on 127.0.0.1:43149
1504255637094	geckodriver::marionette	INFO	Starting browser C:\Program Files (x86)\Mozilla Firefox\firefox.exe with args ["-marionette"]
1504255640253	Marionette	INFO	Listening on port 43155
1504255641339	Marionette	WARN	TLS certificate errors will be ignored for this session
JavaScript error: https://s1.tdp.ru/desktop/build/9ee61659b7e1544e2990.bundle.common.js, line 1: Error: @ADV -- RoutingEntry -- Can not get type of current page
JavaScript error: https://s1.tdp.ru/desktop/build/9ee61659b7e1544e2990.bundle.common.js, line 1: Error: @ADV -- RoutingEntry -- Can not get type of current page
1504255771295	Marionette	INFO	New connections will no longer be accepted
1504255878714	geckodriver	INFO	Listening on 127.0.0.1:44238
1504255879244	geckodriver::marionette	INFO	Starting browser C:\Program Files (x86)\Mozilla Firefox\firefox.exe with args ["-marionette"]
1504255882602	Marionette	INFO	Listening on port 44242
1504255883492	Marionette	WARN	TLS certificate errors will be ignored for this session
JavaScript error: https://s1.tdp.ru/desktop/build/9ee61659b7e1544e2990.bundle.common.js, line 1: Error: @ADV -- RoutingEntry -- Can not get type of current page
JavaScript error: https://s1.tdp.ru/desktop/build/9ee61659b7e1544e2990.bundle.common.js, line 1: Error: @ADV -- RoutingEntry -- Can not get type of current page
1504255982847	Marionette	INFO	New connections will no longer be accepted
1504256013023	geckodriver	INFO	Listening on 127.0.0.1:45180
1504256013552	geckodriver::marionette	INFO	Starting browser C:\Program Files (x86)\Mozilla Firefox\firefox.exe with args ["-marionette"]
1504256016868	Marionette	INFO	Listening on port 45184
1504256017806	Marionette	WARN	TLS certificate errors will be ignored for this session
JavaScript error: https://s1.tdp.ru/desktop/build/9ee61659b7e1544e2990.bundle.common.js, line 1: Error: @ADV -- RoutingEntry -- Can not get type of current page
JavaScript error: https://s1.tdp.ru/desktop/build/9ee61659b7e1544e2990.bundle.common.js, line 1: Error: @ADV -- RoutingEntry -- Can not get type of current page
JavaScript error: https://s1.tdp.ru/desktop/build/9ee61659b7e1544e2990.bundle.common.js, line 1: ReferenceError: event is not defined
1504256082401	Marionette	INFO	New connections will no longer be accepted
1504274810156	geckodriver	INFO	Listening on 127.0.0.1:24808
1504274810695	geckodriver::marionette	INFO	Starting browser C:\Program Files (x86)\Mozilla Firefox\firefox.exe with args ["-marionette"]
1504274814196	Marionette	INFO	Listening on port 24820
1504274814956	Marionette	WARN	TLS certificate errors will be ignored for this session
JavaScript error: https://s1.tdp.ru/desktop/build/0861b0d4f35b80634d79.bundle.common.js, line 1: Error: @ADV -- RoutingEntry -- Can not get type of current page
JavaScript error: https://s1.tdp.ru/desktop/build/0861b0d4f35b80634d79.bundle.common.js, line 1: Error: @ADV -- RoutingEntry -- Can not get type of current page
JavaScript error: https://s1.tdp.ru/desktop/build/7234c0e9dea117b30ebc.bundle.cart.js, line 1: TypeError: ymaps.geocode is not a function
JavaScript error: https://s1.tdp.ru/desktop/build/0861b0d4f35b80634d79.bundle.common.js, line 1: ReferenceError: event is not defined
1504274922864	Marionette	INFO	New connections will no longer be aJavaScript error: https://s1.tdp.ru/desktop/build/7234c0e9dea117b30ebc.bundle.cart.js, line 1: TypeError: ymaps.geocode is not a function
1504274977834	Marionette	INFO	New connections will no longer be accepted
desktop/build/0861b0d4f35b80634d79.bundle.common.js, lJavaScript error: https://s1.tdp.ru/desktop/build/0861b0d4f35b80634d79.bJavaScript error: https://s1.tdp.ru/desktop/build/0861b0d4f35b80634d79.bundle.common.js, line 1: ReferenceError: event is not defined
1504274928689	Marionette	INFO	New connections will no longer be accepted
Entry -- Can not get type of current page
1504274974218	Marionette	INFO	New connections will no longer be accepted
